<?xml version="1.0" encoding="UTF-8"?>
<!-- Generated by org.testng.reporters.JUnitReportReporter -->
<testsuite hostname="DESKTOP-LOSCQCA" failures="0" tests="6" name="com.lumastore.testcases.TC_SearchResultPageTest" time="33.908" errors="0" timestamp="31 Jul 2023 10:39:22 GMT" skipped="4">
  <testcase classname="com.lumastore.testcases.TC_SearchResultPageTest" name="verifySearchBoxFunctionality" time="9.681"/>
  <testcase classname="com.lumastore.testcases.TC_SearchResultPageTest" name="verifyNextAndPreviousPageButtonsFunctionality" time="24.227"/>
  <testcase classname="com.lumastore.testcases.TC_SearchResultPageTest" name="verifySortByFunctionality">
    <skipped/>
  </testcase> <!-- verifySortByFunctionality -->
  <testcase classname="com.lumastore.testcases.TC_SearchResultPageTest" name="AscDescSwitcherFunctionality">
    <skipped/>
  </testcase> <!-- AscDescSwitcherFunctionality -->
  <testcase classname="com.lumastore.testcases.TC_SearchResultPageTest" name="verifyItemsPerPageDropDownFunctionality">
    <skipped/>
  </testcase> <!-- verifyItemsPerPageDropDownFunctionality -->
  <testcase classname="com.lumastore.testcases.TC_SearchResultPageTest" name="verifyListGridModeFunctionality">
    <skipped/>
  </testcase> <!-- verifyListGridModeFunctionality -->
</testsuite> <!-- com.lumastore.testcases.TC_SearchResultPageTest -->
