<?xml version="1.0" encoding="UTF-8"?>
<!-- Generated by org.testng.reporters.JUnitReportReporter -->
<testsuite hostname="DESKTOP-LOSCQCA" failures="0" tests="1" name="com.lumastore.testcases.TC_homePageTest" time="1.814" errors="0" timestamp="21 Jul 2023 11:13:21 GMT" skipped="0">
  <testcase classname="com.lumastore.testcases.TC_homePageTest" name="verifySignInLink" time="1.814"/>
</testsuite> <!-- com.lumastore.testcases.TC_homePageTest -->
