<?xml version="1.0" encoding="UTF-8"?>
<!-- Generated by org.testng.reporters.JUnitReportReporter -->
<testsuite hostname="DESKTOP-LOSCQCA" failures="0" tests="7" name="com.lumastore.testcases.TC_SearchResultPageTest" time="12.290" errors="0" timestamp="31 Jul 2023 17:53:57 GMT" skipped="5">
  <testcase classname="com.lumastore.testcases.TC_SearchResultPageTest" name="verifySearchBoxFunctionality" time="9.789"/>
  <testcase classname="com.lumastore.testcases.TC_SearchResultPageTest" name="verifyHomeLink" time="2.501"/>
  <testcase classname="com.lumastore.testcases.TC_SearchResultPageTest" name="verifySortByFunctionality">
    <skipped/>
  </testcase> <!-- verifySortByFunctionality -->
  <testcase classname="com.lumastore.testcases.TC_SearchResultPageTest" name="verifyNextAndPreviousPageButtonsFunctionality">
    <skipped/>
  </testcase> <!-- verifyNextAndPreviousPageButtonsFunctionality -->
  <testcase classname="com.lumastore.testcases.TC_SearchResultPageTest" name="AscDescSwitcherFunctionality">
    <skipped/>
  </testcase> <!-- AscDescSwitcherFunctionality -->
  <testcase classname="com.lumastore.testcases.TC_SearchResultPageTest" name="verifyItemsPerPageDropDownFunctionality">
    <skipped/>
  </testcase> <!-- verifyItemsPerPageDropDownFunctionality -->
  <testcase classname="com.lumastore.testcases.TC_SearchResultPageTest" name="verifyListGridModeFunctionality">
    <skipped/>
  </testcase> <!-- verifyListGridModeFunctionality -->
</testsuite> <!-- com.lumastore.testcases.TC_SearchResultPageTest -->
