<?xml version="1.0" encoding="UTF-8"?>
<!-- Generated by org.testng.reporters.JUnitReportReporter -->
<testsuite hostname="DESKTOP-LOSCQCA" failures="0" tests="3" name="com.lumastore.testcases.TC_homePageTest" time="8.294" errors="0" timestamp="05 Aug 2023 09:31:37 GMT" skipped="0">
  <testcase classname="com.lumastore.testcases.TC_homePageTest" name="verifySearchBoxText" time="3.330"/>
  <testcase classname="com.lumastore.testcases.TC_homePageTest" name="verifySignInLink" time="2.420"/>
  <testcase classname="com.lumastore.testcases.TC_homePageTest" name="searchFinctionalityInHomePage" time="2.544"/>
</testsuite> <!-- com.lumastore.testcases.TC_homePageTest -->
