<?xml version="1.0" encoding="UTF-8"?>
<!-- Generated by org.testng.reporters.JUnitReportReporter -->
<testsuite hostname="DESKTOP-LOSCQCA" failures="0" tests="1" name="com.lumastore.testcases.TC_loginPageTest" time="4.769" errors="0" timestamp="21 Jul 2023 11:13:21 GMT" skipped="0">
  <testcase classname="com.lumastore.testcases.TC_loginPageTest" name="verifyLoginPageTest" time="4.769"/>
</testsuite> <!-- com.lumastore.testcases.TC_loginPageTest -->
