<?xml version="1.0" encoding="UTF-8"?>
<!-- Generated by org.testng.reporters.JUnitReportReporter -->
<testsuite hostname="DESKTOP-LOSCQCA" failures="0" tests="5" name="com.lumastore.testcases.TC_homePageTest" time="3.218" errors="0" timestamp="24 Aug 2025 19:45:14 GMT" skipped="4">
  <testcase classname="com.lumastore.testcases.TC_homePageTest" name="verifyMessageWhenClickOnEmptyCart" time="3.218"/>
  <testcase classname="com.lumastore.testcases.TC_homePageTest" name="verifySearchBoxText">
    <skipped/>
  </testcase> <!-- verifySearchBoxText -->
  <testcase classname="com.lumastore.testcases.TC_homePageTest" name="verifyCreateAnAccountLink">
    <skipped/>
  </testcase> <!-- verifyCreateAnAccountLink -->
  <testcase classname="com.lumastore.testcases.TC_homePageTest" name="vrifySearchFinctionalityInHomePage">
    <skipped/>
  </testcase> <!-- vrifySearchFinctionalityInHomePage -->
  <testcase classname="com.lumastore.testcases.TC_homePageTest" name="verifySignInLink">
    <skipped/>
  </testcase> <!-- verifySignInLink -->
</testsuite> <!-- com.lumastore.testcases.TC_homePageTest -->
